Arguments: 
  /usr/local/bin/node /opt/yarn-v1.22.5/bin/yarn.js publish

PATH: 
  /nix/store/py3zgsnb4h67ajdx1z0xh9d6hxx50far-pid1-0.0.0-bbe1ae2/bin:/nix/store/fgbzvd4c6nly9m4dpczrxybdpkm8mnk3-bash-interactive-4.4-p23/bin:/nix/store/0vkw1m51q34dr64z5i87dy99an4hfmyg-coreutils-8.32/bin:/nix/store/yzr5fybypw977fxnqj3gsp3gznh1lbm2-fluxbox/bin:/nix/store/7bf2l1b07vj9m9p1fn4g64h5sba2i9ls-pulseaudio-14.2/bin:/nix/store/8cpkwghsa1crf84x7155pnsx5xjqyzsz-rfbproxy-0.0.0-b81eb2f/bin:/nix/store/fy1vhp96i11ng6mwbr0l5apj68c64lgr-tigervnc-1.11.0/bin:/nix/store/42bhrhc5grphw0mna5jml7m8v1dz6hsn-upm-0.0.0-7e9c17e/bin:/nix/store/ng35kcfzm03fdmp97nc2dxi63jv41sca-vscode-cpptools-dap-1.3.1/bin:/nix/store/3hny06xvqvc4irdnknk732a2km9b93rq-xwininfo-1.1.4/bin:/nix/store/1d14fcwp2z64wmmr5jpfa1m5zay0n9fq-silver-searcher-2.2.0/bin:/home/runner/bin:/usr/local/sbin:/usr/local/bin:/usr/sbin:/usr/bin:/sbin:/bin

Yarn version: 
  1.22.5

Node version: 
  12.22.4

Platform: 
  linux x64

Trace: 
  Error: canceled
      at Interface.<anonymous> (/opt/yarn-v1.22.5/lib/cli.js:137009:13)
      at Interface.emit (events.js:314:20)
      at Interface._ttyWrite (readline.js:868:16)
      at ReadStream.onkeypress (readline.js:205:10)
      at ReadStream.emit (events.js:314:20)
      at emitKeys (internal/readline/utils.js:335:14)
      at emitKeys.next (<anonymous>)
      at ReadStream.onData (readline.js:1137:36)
      at ReadStream.emit (events.js:314:20)
      at addChunk (_stream_readable.js:297:12)

npm manifest: 
  {
    "name": "darklint",
    "version": "1.0.0",
    "description": "Write good text",
    "author": "darkdarcool30",
    "license": "MIT",
    "private": false,
    "bin": "./src/index.js",
    "dependencies": {
      "chalk": "^4.1.2",
      "node-addon-api": "^4.1.0"
    },
    "scripts": {
      "dev": "node src/index.js",
      "build": "rm -rf build && npx node-gyp configure && npx node-gyp build"
    },
    "type": "module"
  }

yarn manifest: 
  No manifest

Lockfile: 
  # THIS IS AN AUTOGENERATED FILE. DO NOT EDIT THIS FILE DIRECTLY.
  # yarn lockfile v1
  
  
  ansi-styles@^4.1.0:
    version "4.3.0"
    resolved "https://registry.yarnpkg.com/ansi-styles/-/ansi-styles-4.3.0.tgz#edd803628ae71c04c85ae7a0906edad34b648937"
    integrity sha512-zbB9rCJAT1rbjiVDb2hqKFHNYLxgtk8NURxZ3IZwD3F6NtxbXZQCnnSi1Lkx+IDohdPlFp222wVALIheZJQSEg==
    dependencies:
      color-convert "^2.0.1"
  
  chalk@^4.1.2:
    version "4.1.2"
    resolved "https://registry.yarnpkg.com/chalk/-/chalk-4.1.2.tgz#aac4e2b7734a740867aeb16bf02aad556a1e7a01"
    integrity sha512-oKnbhFyRIXpUuez8iBMmyEa4nbj4IOQyuhc/wy9kY7/WVPcwIO9VA668Pu8RkO7+0G76SLROeyw9CpQ061i4mA==
    dependencies:
      ansi-styles "^4.1.0"
      supports-color "^7.1.0"
  
  color-convert@^2.0.1:
    version "2.0.1"
    resolved "https://registry.yarnpkg.com/color-convert/-/color-convert-2.0.1.tgz#72d3a68d598c9bdb3af2ad1e84f21d896abd4de3"
    integrity sha512-RRECPsj7iu/xb5oKYcsFHSppFNnsj/52OVTRKb4zP5onXwVF3zVmmToNcOfGC+CRDpfK/U584fMg38ZHCaElKQ==
    dependencies:
      color-name "~1.1.4"
  
  color-name@~1.1.4:
    version "1.1.4"
    resolved "https://registry.yarnpkg.com/color-name/-/color-name-1.1.4.tgz#c2a09a87acbde69543de6f63fa3995c826c536a2"
    integrity sha512-dOy+3AuW3a2wNbZHIuMZpTcgjGuLU/uBL/ubcZF9OXbDo8ff4O8yVp5Bf0efS8uEoYo5q4Fx7dY9OgQGXgAsQA==
  
  has-flag@^4.0.0:
    version "4.0.0"
    resolved "https://registry.yarnpkg.com/has-flag/-/has-flag-4.0.0.tgz#944771fd9c81c81265c4d6941860da06bb59479b"
    integrity sha512-EykJT/Q1KjTWctppgIAgfSO0tKVuZUjhgMr17kqTumMl6Afv3EISleU7qZUzoXDFTAHTDC4NOoG/ZxU3EvlMPQ==
  
  node-addon-api@^4.1.0:
    version "4.1.0"
    resolved "https://registry.yarnpkg.com/node-addon-api/-/node-addon-api-4.1.0.tgz#f1722f1f60793584632ffffb79e12ca042c48bd0"
    integrity sha512-Zz1o1BDX2VtduiAt6kgiUl8jX1Vm3NMboljFYKQJ6ee8AGfiTvM2mlZFI3xPbqjs80rCQgiVJI/DjQ/1QJ0HwA==
  
  supports-color@^7.1.0:
    version "7.2.0"
    resolved "https://registry.yarnpkg.com/supports-color/-/supports-color-7.2.0.tgz#1b7dcdcb32b8138801b3e478ba6a51caa89648da"
    integrity sha512-qpCAvRl9stuOHveKsn7HncJRvv501qIacKzQlO/+Lwxc9+0q2wLyv4Dfvt80/DPn2pqOBsJdDiogXGR9+OvwRw==
    dependencies:
      has-flag "^4.0.0"
